kotlin version: 2.0.21
error message: org.jetbrains.kotlin.protobuf.InvalidProtocolBufferException: Protocol message contained an invalid tag (zero).
	at org.jetbrains.kotlin.protobuf.InvalidProtocolBufferException.invalidTag(InvalidProtocolBufferException.java:89)
	at org.jetbrains.kotlin.protobuf.CodedInputStream.readTag(CodedInputStream.java:158)
	at org.jetbrains.kotlin.metadata.jvm.JvmModuleProtoBuf$Module.<init>(JvmModuleProtoBuf.java:223)
	at org.jetbrains.kotlin.metadata.jvm.JvmModuleProtoBuf$Module.<init>(JvmModuleProtoBuf.java:188)
	at org.jetbrains.kotlin.metadata.jvm.JvmModuleProtoBuf$Module$1.parsePartialFrom(JvmModuleProtoBuf.java:341)
	at org.jetbrains.kotlin.metadata.jvm.JvmModuleProtoBuf$Module$1.parsePartialFrom(JvmModuleProtoBuf.java:336)
	at org.jetbrains.kotlin.protobuf.AbstractParser.parsePartialFrom(AbstractParser.java:192)
	at org.jetbrains.kotlin.protobuf.AbstractParser.parseFrom(AbstractParser.java:209)
	at org.jetbrains.kotlin.protobuf.AbstractParser.parseFrom(AbstractParser.java:49)
	at org.jetbrains.kotlin.metadata.jvm.JvmModuleProtoBuf$Module.parseFrom(JvmModuleProtoBuf.java:821)
	at org.jetbrains.kotlin.metadata.jvm.deserialization.ModuleMapping$Companion.loadModuleMapping(ModuleMapping.kt:83)
	at org.jetbrains.kotlin.load.kotlin.ModuleMappingUtilKt.loadModuleMapping(ModuleMappingUtil.kt:19)
	at org.jetbrains.kotlin.cli.jvm.compiler.JvmPackagePartProviderKt.tryLoadModuleMapping(JvmPackagePartProvider.kt:73)
	at org.jetbrains.kotlin.cli.jvm.compiler.JvmPackagePartProvider.addRoots(JvmPackagePartProvider.kt:55)
	at org.jetbrains.kotlin.cli.jvm.compiler.KotlinCoreEnvironment.createPackagePartProvider(KotlinCoreEnvironment.kt:338)
	at org.jetbrains.kotlin.cli.jvm.compiler.KotlinToJVMBytecodeCompiler$analyze$1$1.invoke(KotlinToJVMBytecodeCompiler.kt:378)
	at org.jetbrains.kotlin.cli.jvm.compiler.KotlinToJVMBytecodeCompiler$analyze$1$1.invoke(KotlinToJVMBytecodeCompiler.kt:378)
	at org.jetbrains.kotlin.cli.jvm.compiler.TopDownAnalyzerFacadeForJVM.createContainer(TopDownAnalyzerFacadeForJVM.kt:187)
	at org.jetbrains.kotlin.cli.jvm.compiler.TopDownAnalyzerFacadeForJVM.createContainer$default(TopDownAnalyzerFacadeForJVM.kt:126)
	at org.jetbrains.kotlin.cli.jvm.compiler.TopDownAnalyzerFacadeForJVM.analyzeFilesWithJavaIntegration(TopDownAnalyzerFacadeForJVM.kt:90)
	at org.jetbrains.kotlin.cli.jvm.compiler.TopDownAnalyzerFacadeForJVM.analyzeFilesWithJavaIntegration$default(TopDownAnalyzerFacadeForJVM.kt:75)
	at org.jetbrains.kotlin.cli.jvm.compiler.KotlinToJVMBytecodeCompiler.analyze$lambda$12(KotlinToJVMBytecodeCompiler.kt:373)
	at org.jetbrains.kotlin.cli.common.messages.AnalyzerWithCompilerReport.analyzeAndReport(AnalyzerWithCompilerReport.kt:112)
	at org.jetbrains.kotlin.cli.jvm.compiler.KotlinToJVMBytecodeCompiler.analyze(KotlinToJVMBytecodeCompiler.kt:364)
	at org.jetbrains.kotlin.cli.jvm.compiler.KotlinToJVMBytecodeCompiler.runFrontendAndGenerateIrUsingClassicFrontend(KotlinToJVMBytecodeCompiler.kt:195)
	at org.jetbrains.kotlin.cli.jvm.compiler.KotlinToJVMBytecodeCompiler.compileModules$cli(KotlinToJVMBytecodeCompiler.kt:106)
	at org.jetbrains.kotlin.cli.jvm.K2JVMCompiler.doExecute(K2JVMCompiler.kt:170)
	at org.jetbrains.kotlin.cli.jvm.K2JVMCompiler.doExecute(K2JVMCompiler.kt:43)
	at org.jetbrains.kotlin.cli.common.CLICompiler.execImpl(CLICompiler.kt:103)
	at org.jetbrains.kotlin.cli.common.CLICompiler.execImpl(CLICompiler.kt:49)
	at org.jetbrains.kotlin.cli.common.CLITool.exec(CLITool.kt:101)
	at org.jetbrains.kotlin.incremental.IncrementalJvmCompilerRunner.runCompiler(IncrementalJvmCompilerRunner.kt:464)
	at org.jetbrains.kotlin.incremental.IncrementalJvmCompilerRunner.runCompiler(IncrementalJvmCompilerRunner.kt:73)
	at org.jetbrains.kotlin.incremental.IncrementalCompilerRunner.doCompile(IncrementalCompilerRunner.kt:506)
	at org.jetbrains.kotlin.incremental.IncrementalCompilerRunner.compileImpl(IncrementalCompilerRunner.kt:423)
	at org.jetbrains.kotlin.incremental.IncrementalCompilerRunner.compileNonIncrementally(IncrementalCompilerRunner.kt:301)
	at org.jetbrains.kotlin.incremental.IncrementalCompilerRunner.compile(IncrementalCompilerRunner.kt:129)
	at org.jetbrains.kotlin.daemon.CompileServiceImplBase.execIncrementalCompiler(CompileServiceImpl.kt:675)
	at org.jetbrains.kotlin.daemon.CompileServiceImplBase.access$execIncrementalCompiler(CompileServiceImpl.kt:92)
	at org.jetbrains.kotlin.daemon.CompileServiceImpl.compile(CompileServiceImpl.kt:1660)
	at java.base/jdk.internal.reflect.DirectMethodHandleAccessor.invoke(Unknown Source)
	at java.base/java.lang.reflect.Method.invoke(Unknown Source)
	at java.rmi/sun.rmi.server.UnicastServerRef.dispatch(Unknown Source)
	at java.rmi/sun.rmi.transport.Transport$1.run(Unknown Source)
	at java.rmi/sun.rmi.transport.Transport$1.run(Unknown Source)
	at java.base/java.security.AccessController.doPrivileged(Unknown Source)
	at java.rmi/sun.rmi.transport.Transport.serviceCall(Unknown Source)
	at java.rmi/sun.rmi.transport.tcp.TCPTransport.handleMessages(Unknown Source)
	at java.rmi/sun.rmi.transport.tcp.TCPTransport$ConnectionHandler.run0(Unknown Source)
	at java.rmi/sun.rmi.transport.tcp.TCPTransport$ConnectionHandler.lambda$run$0(Unknown Source)
	at java.base/java.security.AccessController.doPrivileged(Unknown Source)
	at java.rmi/sun.rmi.transport.tcp.TCPTransport$ConnectionHandler.run(Unknown Source)
	at java.base/java.util.concurrent.ThreadPoolExecutor.runWorker(Unknown Source)
	at java.base/java.util.concurrent.ThreadPoolExecutor$Worker.run(Unknown Source)
	at java.base/java.lang.Thread.run(Unknown Source)


